{"contracts/Context.sol":{"l":{"17":68,"21":0},"path":"/Users/maksim.popov/dev/voting/contracts/Context.sol","s":{"1":68,"2":0},"b":{},"f":{"1":68,"2":0},"fnMap":{"1":{"name":"_msgSender","line":16,"loc":{"start":{"line":16,"column":4},"end":{"line":18,"column":4}}},"2":{"name":"_msgData","line":20,"loc":{"start":{"line":20,"column":4},"end":{"line":22,"column":4}}}},"statementMap":{"1":{"start":{"line":17,"column":8},"end":{"line":17,"column":25}},"2":{"start":{"line":21,"column":8},"end":{"line":21,"column":23}}},"branchMap":{}},"contracts/Ownable.sol":{"l":{"28":48,"35":22,"42":20,"43":17,"54":0,"62":0,"63":0,"71":48,"72":48,"73":48},"path":"/Users/maksim.popov/dev/voting/contracts/Ownable.sol","s":{"1":48,"2":22,"3":20,"4":0,"5":0,"6":0,"7":48,"8":48,"9":48},"b":{"1":[17,3],"2":[0,0]},"f":{"1":48,"2":22,"3":20,"4":0,"5":0,"6":48},"fnMap":{"1":{"name":"constructor","line":27,"loc":{"start":{"line":27,"column":4},"end":{"line":29,"column":4}}},"2":{"name":"owner","line":34,"loc":{"start":{"line":34,"column":4},"end":{"line":36,"column":4}}},"3":{"name":"onlyOwner","line":41,"loc":{"start":{"line":41,"column":4},"end":{"line":44,"column":4}}},"4":{"name":"renounceOwnership","line":53,"loc":{"start":{"line":53,"column":4},"end":{"line":55,"column":4}}},"5":{"name":"transferOwnership","line":61,"loc":{"start":{"line":61,"column":4},"end":{"line":64,"column":4}}},"6":{"name":"_transferOwnership","line":70,"loc":{"start":{"line":70,"column":4},"end":{"line":74,"column":4}}}},"statementMap":{"1":{"start":{"line":28,"column":8},"end":{"line":28,"column":39}},"2":{"start":{"line":35,"column":8},"end":{"line":35,"column":21}},"3":{"start":{"line":42,"column":8},"end":{"line":42,"column":75}},"4":{"start":{"line":54,"column":8},"end":{"line":54,"column":37}},"5":{"start":{"line":62,"column":8},"end":{"line":62,"column":80}},"6":{"start":{"line":63,"column":8},"end":{"line":63,"column":35}},"7":{"start":{"line":71,"column":8},"end":{"line":71,"column":33}},"8":{"start":{"line":72,"column":8},"end":{"line":72,"column":24}},"9":{"start":{"line":73,"column":8},"end":{"line":73,"column":53}}},"branchMap":{"1":{"line":42,"type":"if","locations":[{"start":{"line":42,"column":8},"end":{"line":42,"column":8}},{"start":{"line":42,"column":8},"end":{"line":42,"column":8}}]},"2":{"line":62,"type":"if","locations":[{"start":{"line":62,"column":8},"end":{"line":62,"column":8}},{"start":{"line":62,"column":8},"end":{"line":62,"column":8}}]}}},"contracts/Voting.sol":{"l":{"45":30,"53":11,"54":16,"55":10,"58":1,"66":17,"74":16,"76":15,"77":15,"78":15,"86":1,"87":1,"95":16,"96":14,"97":13,"98":12,"99":11,"101":10,"102":10,"103":10,"105":10,"106":9,"107":9,"116":5,"117":4,"119":3,"120":2,"121":2,"122":2,"132":11,"133":9},"path":"/Users/maksim.popov/dev/voting/contracts/Voting.sol","s":{"1":30,"2":11,"3":16,"4":10,"5":1,"6":17,"7":16,"8":15,"9":15,"10":15,"11":1,"12":1,"13":16,"14":14,"15":13,"16":12,"17":11,"18":10,"19":10,"20":10,"21":9,"22":9,"23":5,"24":4,"25":3,"26":2,"27":2,"28":2,"29":11,"30":9},"b":{"1":[10,6],"2":[15,1],"3":[14,2],"4":[13,1],"5":[12,1],"6":[11,1],"7":[10,1],"8":[9,1],"9":[4,1],"10":[3,1],"11":[2,1],"12":[9,2]},"f":{"1":30,"2":11,"3":17,"4":16,"5":1,"6":16,"7":5,"8":11},"fnMap":{"1":{"name":"_isVote","line":44,"loc":{"start":{"line":44,"column":4},"end":{"line":46,"column":4}}},"2":{"name":"_isVoterInVote","line":52,"loc":{"start":{"line":52,"column":4},"end":{"line":59,"column":4}}},"3":{"name":"_isVoteFinished","line":65,"loc":{"start":{"line":65,"column":4},"end":{"line":67,"column":4}}},"4":{"name":"addVoting","line":73,"loc":{"start":{"line":73,"column":4},"end":{"line":79,"column":4}}},"5":{"name":"withdraw","line":85,"loc":{"start":{"line":85,"column":4},"end":{"line":88,"column":4}}},"6":{"name":"vote","line":94,"loc":{"start":{"line":94,"column":4},"end":{"line":109,"column":4}}},"7":{"name":"finish","line":115,"loc":{"start":{"line":115,"column":4},"end":{"line":124,"column":4}}},"8":{"name":"votingInfo","line":131,"loc":{"start":{"line":131,"column":4},"end":{"line":141,"column":4}}}},"statementMap":{"1":{"start":{"line":45,"column":8},"end":{"line":45,"column":39}},"2":{"start":{"line":53,"column":8},"end":{"line":53,"column":1335}},"3":{"start":{"line":54,"column":12},"end":{"line":54,"column":1409}},"4":{"start":{"line":55,"column":16},"end":{"line":55,"column":27}},"5":{"start":{"line":58,"column":8},"end":{"line":58,"column":20}},"6":{"start":{"line":66,"column":8},"end":{"line":66,"column":58}},"7":{"start":{"line":74,"column":8},"end":{"line":74,"column":65}},"8":{"start":{"line":76,"column":8},"end":{"line":76,"column":43}},"9":{"start":{"line":77,"column":8},"end":{"line":77,"column":63}},"10":{"start":{"line":78,"column":8},"end":{"line":78,"column":30}},"11":{"start":{"line":86,"column":8},"end":{"line":86,"column":49}},"12":{"start":{"line":87,"column":8},"end":{"line":87,"column":39}},"13":{"start":{"line":95,"column":8},"end":{"line":95,"column":67}},"14":{"start":{"line":96,"column":8},"end":{"line":96,"column":64}},"15":{"start":{"line":97,"column":8},"end":{"line":97,"column":69}},"16":{"start":{"line":98,"column":8},"end":{"line":98,"column":93}},"17":{"start":{"line":99,"column":8},"end":{"line":99,"column":70}},"18":{"start":{"line":102,"column":8},"end":{"line":102,"column":40}},"19":{"start":{"line":103,"column":8},"end":{"line":103,"column":46}},"20":{"start":{"line":105,"column":8},"end":{"line":105,"column":3065}},"21":{"start":{"line":106,"column":12},"end":{"line":106,"column":41}},"22":{"start":{"line":107,"column":12},"end":{"line":107,"column":77}},"23":{"start":{"line":116,"column":8},"end":{"line":116,"column":64}},"24":{"start":{"line":117,"column":8},"end":{"line":117,"column":72}},"25":{"start":{"line":119,"column":8},"end":{"line":119,"column":3589}},"26":{"start":{"line":120,"column":12},"end":{"line":120,"column":41}},"27":{"start":{"line":121,"column":12},"end":{"line":121,"column":79}},"28":{"start":{"line":122,"column":12},"end":{"line":122,"column":109}},"29":{"start":{"line":132,"column":8},"end":{"line":132,"column":64}},"30":{"start":{"line":133,"column":8},"end":{"line":133,"column":4241}}},"branchMap":{"1":{"line":54,"type":"if","locations":[{"start":{"line":54,"column":12},"end":{"line":54,"column":12}},{"start":{"line":54,"column":12},"end":{"line":54,"column":12}}]},"2":{"line":74,"type":"if","locations":[{"start":{"line":74,"column":8},"end":{"line":74,"column":8}},{"start":{"line":74,"column":8},"end":{"line":74,"column":8}}]},"3":{"line":95,"type":"if","locations":[{"start":{"line":95,"column":8},"end":{"line":95,"column":8}},{"start":{"line":95,"column":8},"end":{"line":95,"column":8}}]},"4":{"line":96,"type":"if","locations":[{"start":{"line":96,"column":8},"end":{"line":96,"column":8}},{"start":{"line":96,"column":8},"end":{"line":96,"column":8}}]},"5":{"line":97,"type":"if","locations":[{"start":{"line":97,"column":8},"end":{"line":97,"column":8}},{"start":{"line":97,"column":8},"end":{"line":97,"column":8}}]},"6":{"line":98,"type":"if","locations":[{"start":{"line":98,"column":8},"end":{"line":98,"column":8}},{"start":{"line":98,"column":8},"end":{"line":98,"column":8}}]},"7":{"line":99,"type":"if","locations":[{"start":{"line":99,"column":8},"end":{"line":99,"column":8}},{"start":{"line":99,"column":8},"end":{"line":99,"column":8}}]},"8":{"line":105,"type":"if","locations":[{"start":{"line":105,"column":8},"end":{"line":105,"column":8}},{"start":{"line":105,"column":8},"end":{"line":105,"column":8}}]},"9":{"line":116,"type":"if","locations":[{"start":{"line":116,"column":8},"end":{"line":116,"column":8}},{"start":{"line":116,"column":8},"end":{"line":116,"column":8}}]},"10":{"line":117,"type":"if","locations":[{"start":{"line":117,"column":8},"end":{"line":117,"column":8}},{"start":{"line":117,"column":8},"end":{"line":117,"column":8}}]},"11":{"line":119,"type":"if","locations":[{"start":{"line":119,"column":8},"end":{"line":119,"column":8}},{"start":{"line":119,"column":8},"end":{"line":119,"column":8}}]},"12":{"line":132,"type":"if","locations":[{"start":{"line":132,"column":8},"end":{"line":132,"column":8}},{"start":{"line":132,"column":8},"end":{"line":132,"column":8}}]}}}}