{"contracts/Context.sol":{"l":{"17":57,"21":0},"path":"/Users/maksim.popov/dev/voting/contracts/Context.sol","s":{"1":57,"2":0},"b":{},"f":{"1":57,"2":0},"fnMap":{"1":{"name":"_msgSender","line":16,"loc":{"start":{"line":16,"column":4},"end":{"line":18,"column":4}}},"2":{"name":"_msgData","line":20,"loc":{"start":{"line":20,"column":4},"end":{"line":22,"column":4}}}},"statementMap":{"1":{"start":{"line":17,"column":8},"end":{"line":17,"column":25}},"2":{"start":{"line":21,"column":8},"end":{"line":21,"column":23}}},"branchMap":{}},"contracts/Ownable.sol":{"l":{"28":42,"35":16,"42":15,"43":13,"54":0,"62":0,"63":0,"71":42,"72":42,"73":42},"path":"/Users/maksim.popov/dev/voting/contracts/Ownable.sol","s":{"1":42,"2":16,"3":15,"4":0,"5":0,"6":0,"7":42,"8":42,"9":42},"b":{"1":[13,2],"2":[0,0]},"f":{"1":42,"2":16,"3":15,"4":0,"5":0,"6":42},"fnMap":{"1":{"name":"constructor","line":27,"loc":{"start":{"line":27,"column":4},"end":{"line":29,"column":4}}},"2":{"name":"owner","line":34,"loc":{"start":{"line":34,"column":4},"end":{"line":36,"column":4}}},"3":{"name":"onlyOwner","line":41,"loc":{"start":{"line":41,"column":4},"end":{"line":44,"column":4}}},"4":{"name":"renounceOwnership","line":53,"loc":{"start":{"line":53,"column":4},"end":{"line":55,"column":4}}},"5":{"name":"transferOwnership","line":61,"loc":{"start":{"line":61,"column":4},"end":{"line":64,"column":4}}},"6":{"name":"_transferOwnership","line":70,"loc":{"start":{"line":70,"column":4},"end":{"line":74,"column":4}}}},"statementMap":{"1":{"start":{"line":28,"column":8},"end":{"line":28,"column":39}},"2":{"start":{"line":35,"column":8},"end":{"line":35,"column":21}},"3":{"start":{"line":42,"column":8},"end":{"line":42,"column":75}},"4":{"start":{"line":54,"column":8},"end":{"line":54,"column":37}},"5":{"start":{"line":62,"column":8},"end":{"line":62,"column":80}},"6":{"start":{"line":63,"column":8},"end":{"line":63,"column":35}},"7":{"start":{"line":71,"column":8},"end":{"line":71,"column":33}},"8":{"start":{"line":72,"column":8},"end":{"line":72,"column":24}},"9":{"start":{"line":73,"column":8},"end":{"line":73,"column":53}}},"branchMap":{"1":{"line":42,"type":"if","locations":[{"start":{"line":42,"column":8},"end":{"line":42,"column":8}},{"start":{"line":42,"column":8},"end":{"line":42,"column":8}}]},"2":{"line":62,"type":"if","locations":[{"start":{"line":62,"column":8},"end":{"line":62,"column":8}},{"start":{"line":62,"column":8},"end":{"line":62,"column":8}}]}}},"contracts/Voting.sol":{"l":{"45":24,"53":7,"54":11,"55":6,"58":1,"66":11,"74":13,"76":12,"77":12,"78":12,"86":0,"87":0,"95":12,"96":10,"97":9,"98":8,"99":7,"101":6,"102":6,"103":6,"105":6,"106":5,"107":5,"116":3,"117":2,"119":1,"120":1,"121":1,"122":1,"132":11,"133":9},"path":"/Users/maksim.popov/dev/voting/contracts/Voting.sol","s":{"1":24,"2":7,"3":11,"4":6,"5":1,"6":11,"7":13,"8":12,"9":12,"10":12,"11":0,"12":0,"13":12,"14":10,"15":9,"16":8,"17":7,"18":6,"19":6,"20":6,"21":5,"22":5,"23":3,"24":2,"25":1,"26":1,"27":1,"28":1,"29":11,"30":9},"b":{"1":[6,5],"2":[12,1],"3":[10,2],"4":[9,1],"5":[8,1],"6":[7,1],"7":[6,1],"8":[5,1],"9":[2,1],"10":[1,1],"11":[1,0],"12":[9,2]},"f":{"1":24,"2":7,"3":11,"4":13,"5":0,"6":12,"7":3,"8":11},"fnMap":{"1":{"name":"_isVote","line":44,"loc":{"start":{"line":44,"column":4},"end":{"line":46,"column":4}}},"2":{"name":"_isVoterInVote","line":52,"loc":{"start":{"line":52,"column":4},"end":{"line":59,"column":4}}},"3":{"name":"_isVoteFinished","line":65,"loc":{"start":{"line":65,"column":4},"end":{"line":67,"column":4}}},"4":{"name":"addVoting","line":73,"loc":{"start":{"line":73,"column":4},"end":{"line":79,"column":4}}},"5":{"name":"withdraw","line":85,"loc":{"start":{"line":85,"column":4},"end":{"line":88,"column":4}}},"6":{"name":"vote","line":94,"loc":{"start":{"line":94,"column":4},"end":{"line":109,"column":4}}},"7":{"name":"finish","line":115,"loc":{"start":{"line":115,"column":4},"end":{"line":124,"column":4}}},"8":{"name":"votingInfo","line":131,"loc":{"start":{"line":131,"column":4},"end":{"line":141,"column":4}}}},"statementMap":{"1":{"start":{"line":45,"column":8},"end":{"line":45,"column":39}},"2":{"start":{"line":53,"column":8},"end":{"line":53,"column":1335}},"3":{"start":{"line":54,"column":12},"end":{"line":54,"column":1409}},"4":{"start":{"line":55,"column":16},"end":{"line":55,"column":27}},"5":{"start":{"line":58,"column":8},"end":{"line":58,"column":20}},"6":{"start":{"line":66,"column":8},"end":{"line":66,"column":58}},"7":{"start":{"line":74,"column":8},"end":{"line":74,"column":65}},"8":{"start":{"line":76,"column":8},"end":{"line":76,"column":43}},"9":{"start":{"line":77,"column":8},"end":{"line":77,"column":63}},"10":{"start":{"line":78,"column":8},"end":{"line":78,"column":30}},"11":{"start":{"line":86,"column":8},"end":{"line":86,"column":49}},"12":{"start":{"line":87,"column":8},"end":{"line":87,"column":39}},"13":{"start":{"line":95,"column":8},"end":{"line":95,"column":67}},"14":{"start":{"line":96,"column":8},"end":{"line":96,"column":64}},"15":{"start":{"line":97,"column":8},"end":{"line":97,"column":69}},"16":{"start":{"line":98,"column":8},"end":{"line":98,"column":93}},"17":{"start":{"line":99,"column":8},"end":{"line":99,"column":70}},"18":{"start":{"line":102,"column":8},"end":{"line":102,"column":40}},"19":{"start":{"line":103,"column":8},"end":{"line":103,"column":46}},"20":{"start":{"line":105,"column":8},"end":{"line":105,"column":3065}},"21":{"start":{"line":106,"column":12},"end":{"line":106,"column":41}},"22":{"start":{"line":107,"column":12},"end":{"line":107,"column":77}},"23":{"start":{"line":116,"column":8},"end":{"line":116,"column":64}},"24":{"start":{"line":117,"column":8},"end":{"line":117,"column":72}},"25":{"start":{"line":119,"column":8},"end":{"line":119,"column":3589}},"26":{"start":{"line":120,"column":12},"end":{"line":120,"column":41}},"27":{"start":{"line":121,"column":12},"end":{"line":121,"column":79}},"28":{"start":{"line":122,"column":12},"end":{"line":122,"column":109}},"29":{"start":{"line":132,"column":8},"end":{"line":132,"column":64}},"30":{"start":{"line":133,"column":8},"end":{"line":133,"column":4241}}},"branchMap":{"1":{"line":54,"type":"if","locations":[{"start":{"line":54,"column":12},"end":{"line":54,"column":12}},{"start":{"line":54,"column":12},"end":{"line":54,"column":12}}]},"2":{"line":74,"type":"if","locations":[{"start":{"line":74,"column":8},"end":{"line":74,"column":8}},{"start":{"line":74,"column":8},"end":{"line":74,"column":8}}]},"3":{"line":95,"type":"if","locations":[{"start":{"line":95,"column":8},"end":{"line":95,"column":8}},{"start":{"line":95,"column":8},"end":{"line":95,"column":8}}]},"4":{"line":96,"type":"if","locations":[{"start":{"line":96,"column":8},"end":{"line":96,"column":8}},{"start":{"line":96,"column":8},"end":{"line":96,"column":8}}]},"5":{"line":97,"type":"if","locations":[{"start":{"line":97,"column":8},"end":{"line":97,"column":8}},{"start":{"line":97,"column":8},"end":{"line":97,"column":8}}]},"6":{"line":98,"type":"if","locations":[{"start":{"line":98,"column":8},"end":{"line":98,"column":8}},{"start":{"line":98,"column":8},"end":{"line":98,"column":8}}]},"7":{"line":99,"type":"if","locations":[{"start":{"line":99,"column":8},"end":{"line":99,"column":8}},{"start":{"line":99,"column":8},"end":{"line":99,"column":8}}]},"8":{"line":105,"type":"if","locations":[{"start":{"line":105,"column":8},"end":{"line":105,"column":8}},{"start":{"line":105,"column":8},"end":{"line":105,"column":8}}]},"9":{"line":116,"type":"if","locations":[{"start":{"line":116,"column":8},"end":{"line":116,"column":8}},{"start":{"line":116,"column":8},"end":{"line":116,"column":8}}]},"10":{"line":117,"type":"if","locations":[{"start":{"line":117,"column":8},"end":{"line":117,"column":8}},{"start":{"line":117,"column":8},"end":{"line":117,"column":8}}]},"11":{"line":119,"type":"if","locations":[{"start":{"line":119,"column":8},"end":{"line":119,"column":8}},{"start":{"line":119,"column":8},"end":{"line":119,"column":8}}]},"12":{"line":132,"type":"if","locations":[{"start":{"line":132,"column":8},"end":{"line":132,"column":8}},{"start":{"line":132,"column":8},"end":{"line":132,"column":8}}]}}}}